{
  "RSpec": {
    "coverage": {
      "/home/Keenah/tic-tac-toe-rb-online-web-sp-000/lib/tic_tac_toe.rb": [
        null,
        1,
        null,
        null,
        null,
        null,
        null,
        null,
        null,
        null,
        null,
        1,
        10,
        10,
        10,
        10,
        10,
        null,
        null,
        1,
        10,
        null,
        null,
        1,
        10,
        null,
        null,
        1,
        10,
        null,
        null,
        1,
        10,
        null,
        null,
        1,
        10,
        10,
        90,
        5,
        null,
        null,
        10,
        null,
        null,
        1,
        null,
        10,
        10,
        7,
        null,
        3,
        null,
        10,
        null,
        null,
        1,
        10,
        10,
        10,
        10,
        10,
        10,
        10,
        null,
        0,
        null,
        null,
        null,
        1,
        33,
        183,
        183,
        183,
        null,
        183,
        183,
        183,
        null,
        183,
        8,
        175,
        5,
        null,
        null,
        20,
        null,
        null,
        1,
        57,
        null,
        null,
        1,
        9,
        4,
        null,
        5,
        null,
        null,
        null,
        1,
        10,
        7,
        null,
        3,
        null,
        null,
        null,
        1,
        7,
        7,
        7,
        null,
        null,
        7,
        4,
        null,
        3,
        null,
        null,
        null,
        null,
        1,
        11,
        10,
        null,
        11,
        4,
        4,
        7,
        3,
        null,
        null
      ]
    },
    "timestamp": 1595349839
  }
}
