{
  "RSpec": {
    "coverage": {
      "/home/Keenah/tic-tac-toe-rb-online-web-sp-000/lib/tic_tac_toe.rb": [
        null,
        1,
        null,
        null,
        null,
        null,
        null,
        null,
        null,
        null,
        null,
        1,
        17,
        17,
        17,
        17,
        17,
        null,
        null,
        1,
        17,
        null,
        null,
        1,
        17,
        null,
        null,
        1,
        17,
        null,
        null,
        1,
        17,
        null,
        null,
        1,
        17,
        17,
        153,
        26,
        null,
        null,
        17,
        null,
        null,
        1,
        null,
        17,
        17,
        11,
        null,
        6,
        null,
        17,
        null,
        null,
        1,
        17,
        17,
        17,
        17,
        17,
        17,
        17,
        null,
        0,
        null,
        null,
        null,
        1,
        51,
        327,
        327,
        327,
        null,
        327,
        327,
        327,
        null,
        327,
        12,
        315,
        5,
        null,
        null,
        34,
        null,
        null,
        1,
        92,
        null,
        null,
        1,
        16,
        4,
        null,
        12,
        null,
        null,
        null,
        1,
        18,
        8,
        null,
        10,
        null,
        null,
        null,
        1,
        9,
        9,
        9,
        null,
        null,
        9,
        6,
        null,
        3,
        null,
        null,
        null,
        null,
        1,
        12,
        17,
        null,
        12,
        5,
        5,
        7,
        3,
        null,
        null
      ]
    },
    "timestamp": 1595349907
  }
}
